SF:lib\app\shared_prefs\token_shared_prefs.dart
DA:8,0
DA:10,0
DA:12,0
DA:15,0
DA:19,0
DA:21,0
DA:22,0
DA:24,0
LF:8
LH:0
end_of_record
SF:lib\core\error\failure.dart
DA:6,3
DA:8,0
DA:9,0
DA:13,0
DA:18,3
DA:25,0
LF:6
LH:2
end_of_record
SF:lib\features\auth\domain\usecases\login_student_usecase.dart
DA:12,1
DA:17,0
DA:18,0
DA:19,0
DA:20,0
DA:41,1
DA:43,1
DA:46,1
DA:47,3
DA:48,2
DA:49,1
DA:50,2
DA:51,1
DA:52,2
DA:56,1
LF:15
LH:11
end_of_record
SF:lib\features\auth\domain\entity\auth_entity.dart
DA:11,1
DA:20,1
DA:21,1
DA:22,1
DA:23,1
DA:24,1
DA:25,1
DA:26,1
DA:27,1
LF:9
LH:9
end_of_record
SF:lib\features\auth\domain\usecases\register_user_usecase.dart
DA:17,1
DA:27,0
DA:36,0
DA:37,0
DA:43,1
DA:45,1
DA:47,1
DA:48,1
DA:49,1
DA:50,1
DA:51,1
DA:52,1
DA:53,1
DA:55,2
LF:14
LH:11
end_of_record
SF:lib\features\auth\domain\usecases\upload_image_usecase.dart
DA:11,1
DA:20,1
DA:21,1
DA:23,3
LF:4
LH:4
end_of_record
